Building DAG of jobs...
Using shell: /usr/bin/bash
Provided cluster nodes: 8
Job counts:
	count	jobs
	1	all
	1	freebayes_vc
	1	minimap2_illum_nanop
	1	nanoqc
	1	ngmlr_svc
	1	porechop
	1	sam_sorting1
	1	sam_sorting2
	1	sniffles_svc
	1	variants_stats
	10

[Wed Aug 26 23:33:37 2020]
rule nanoqc:
    input: Data/X_nanopore_runs1234.fastq
    output: Analyses/nanoqc_report/X_nanopore_runs1234, Analyses/nanoqc_logs/X_nanopore_runs1234_NanoQC.log
    jobid: 9
    reason: Missing output files: Analyses/nanoqc_logs/X_nanopore_runs1234_NanoQC.log
    wildcards: sample=X_nanopore_runs1234

nanoQC -o Analyses/nanoqc_report/X_nanopore_runs1234 Data/X_nanopore_runs1234.fastq
Submitted job 9 with external jobid 'Submitted batch job 702129'.
